[2025-01-12 08:25:53]  SELECT t.id, t.title, t.status, t.priority, t.due_date, t.created_at,t.updated_at,  CONCAT(u.first_name , ' ', u.last_name) AS assigned_user, u.email FROM tasks t LEFT JOIN users u ON t.assigned_to = u.id WHERE t.assigned_to = 19 ORDER BY t.due_date ASC 10 OFFSET 0
[2025-01-12 12:05:08]  row {"COUNT(t.id)":"5","status":"Pending"}
[2025-01-12 12:05:08]  row {"COUNT(t.id)":"2","status":"In Progress"}
[2025-01-12 12:05:08]  row {"COUNT(t.id)":"3","status":"Completed"}
[2025-01-12 12:05:08]  row {"COUNT(t.id)":"3","status":"On Hold"}
[2025-01-12 12:05:08]  row {"COUNT(t.id)":"2","status":"Cancelled"}
[2025-01-12 12:05:36]  row {"COUNT(*)":"5","status":"Pending"}
[2025-01-12 12:05:36]  row {"COUNT(*)":"2","status":"In Progress"}
[2025-01-12 12:05:36]  row {"COUNT(*)":"3","status":"Completed"}
[2025-01-12 12:05:36]  row {"COUNT(*)":"3","status":"On Hold"}
[2025-01-12 12:05:36]  row {"COUNT(*)":"2","status":"Cancelled"}
[2025-01-12 12:06:34]  row {"COUNT(*)":"5","status":"Pending"}
[2025-01-12 12:06:34]  row {"COUNT(*)":"2","status":"In Progress"}
[2025-01-12 12:06:34]  row {"COUNT(*)":"3","status":"Completed"}
[2025-01-12 12:06:34]  row {"COUNT(*)":"3","status":"On Hold"}
[2025-01-12 12:06:34]  row {"COUNT(*)":"2","status":"Cancelled"}
[2025-01-12 13:28:59]   message Hi Ginger Rivera,

You have been assigned a new task with Task ID: 19.
Please check your task list for more details.

Best regards,
Your Team
[2025-01-12 13:29:05]  Taks Notification has been sent.
[2025-01-12 13:30:41]  Message has been sent.
